# JRE version: Java(TM) SE Runtime Environment (8.0_141-b15) (build 1.8.0_141-b15)
# Java VM: Java HotSpot(TM) 64-Bit Server VM (25.141-b15 mixed mode windows-amd64 compressed oops)
Heap:
 PSYoungGen      total 37888K, used 5865K [0x00000000d6000000, 0x00000000d9100000, 0x0000000100000000)
  eden space 32768K, 2% used [0x00000000d6000000,0x00000000d60c1b28,0x00000000d8000000)
  from space 5120K, 99% used [0x00000000d8000000,0x00000000d84f8b50,0x00000000d8500000)
  to   space 5120K, 0% used [0x00000000d8c00000,0x00000000d8c00000,0x00000000d9100000)
 ParOldGen       total 64000K, used 3671K [0x0000000082000000, 0x0000000085e80000, 0x00000000d6000000)
  object space 64000K, 5% used [0x0000000082000000,0x0000000082395eb8,0x0000000085e80000)
 Metaspace       used 13623K, capacity 13920K, committed 14208K, reserved 1062912K
  class space    used 1709K, capacity 1802K, committed 1920K, reserved 1048576K
GC Heap History (8 events):
Event: 0.597 GC heap before
{Heap before GC invocations=1 (full 0):
 PSYoungGen      total 37888K, used 17733K [0x00000000d6000000, 0x00000000d8a00000, 0x0000000100000000)
  eden space 32768K, 54% used [0x00000000d6000000,0x00000000d71516c0,0x00000000d8000000)
  from space 5120K, 0% used [0x00000000d8500000,0x00000000d8500000,0x00000000d8a00000)
  to   space 5120K, 0% used [0x00000000d8000000,0x00000000d8000000,0x00000000d8500000)
 ParOldGen       total 86016K, used 0K [0x0000000082000000, 0x0000000087400000, 0x00000000d6000000)
  object space 86016K, 0% used [0x0000000082000000,0x0000000082000000,0x0000000087400000)
 Metaspace       used 7064K, capacity 7240K, committed 7296K, reserved 1060864K
  class space    used 787K, capacity 860K, committed 896K, reserved 1048576K
Event: 0.602 GC heap after
Heap after GC invocations=1 (full 0):
 PSYoungGen      total 37888K, used 3325K [0x00000000d6000000, 0x00000000d8a00000, 0x0000000100000000)
  eden space 32768K, 0% used [0x00000000d6000000,0x00000000d6000000,0x00000000d8000000)
  from space 5120K, 64% used [0x00000000d8000000,0x00000000d833f668,0x00000000d8500000)
  to   space 5120K, 0% used [0x00000000d8500000,0x00000000d8500000,0x00000000d8a00000)
 ParOldGen       total 86016K, used 8K [0x0000000082000000, 0x0000000087400000, 0x00000000d6000000)
  object space 86016K, 0% used [0x0000000082000000,0x0000000082002000,0x0000000087400000)
 Metaspace       used 7064K, capacity 7240K, committed 7296K, reserved 1060864K
  class space    used 787K, capacity 860K, committed 896K, reserved 1048576K
}
Event: 0.602 GC heap before
{Heap before GC invocations=2 (full 1):
 PSYoungGen      total 37888K, used 3325K [0x00000000d6000000, 0x00000000d8a00000, 0x0000000100000000)
  eden space 32768K, 0% used [0x00000000d6000000,0x00000000d6000000,0x00000000d8000000)
  from space 5120K, 64% used [0x00000000d8000000,0x00000000d833f668,0x00000000d8500000)
  to   space 5120K, 0% used [0x00000000d8500000,0x00000000d8500000,0x00000000d8a00000)
 ParOldGen       total 86016K, used 8K [0x0000000082000000, 0x0000000087400000, 0x00000000d6000000)
  object space 86016K, 0% used [0x0000000082000000,0x0000000082002000,0x0000000087400000)
 Metaspace       used 7064K, capacity 7240K, committed 7296K, reserved 1060864K
  class space    used 787K, capacity 860K, committed 896K, reserved 1048576K
Event: 0.630 GC heap after
Heap after GC invocations=2 (full 1):
 PSYoungGen      total 37888K, used 0K [0x00000000d6000000, 0x00000000d8a00000, 0x0000000100000000)
  eden space 32768K, 0% used [0x00000000d6000000,0x00000000d6000000,0x00000000d8000000)
  from space 5120K, 0% used [0x00000000d8000000,0x00000000d8000000,0x00000000d8500000)
  to   space 5120K, 0% used [0x00000000d8500000,0x00000000d8500000,0x00000000d8a00000)
 ParOldGen       total 64000K, used 3175K [0x0000000082000000, 0x0000000085e80000, 0x00000000d6000000)
  object space 64000K, 4% used [0x0000000082000000,0x0000000082319c00,0x0000000085e80000)
 Metaspace       used 7064K, capacity 7240K, committed 7296K, reserved 1058816K
  class space    used 787K, capacity 860K, committed 896K, reserved 1048576K
}
Event: 1.032 GC heap before
{Heap before GC invocations=3 (full 1):
 PSYoungGen      total 37888K, used 32768K [0x00000000d6000000, 0x00000000d8a00000, 0x0000000100000000)
  eden space 32768K, 100% used [0x00000000d6000000,0x00000000d8000000,0x00000000d8000000)
  from space 5120K, 0% used [0x00000000d8000000,0x00000000d8000000,0x00000000d8500000)
  to   space 5120K, 0% used [0x00000000d8500000,0x00000000d8500000,0x00000000d8a00000)
 ParOldGen       total 64000K, used 3175K [0x0000000082000000, 0x0000000085e80000, 0x00000000d6000000)
  object space 64000K, 4% used [0x0000000082000000,0x0000000082319c00,0x0000000085e80000)
 Metaspace       used 10110K, capacity 10292K, committed 10496K, reserved 1060864K
  class space    used 1215K, capacity 1278K, committed 1280K, reserved 1048576K
Event: 1.034 GC heap after
Heap after GC invocations=3 (full 1):
 PSYoungGen      total 37888K, used 4050K [0x00000000d6000000, 0x00000000d8f00000, 0x0000000100000000)
  eden space 32768K, 0% used [0x00000000d6000000,0x00000000d6000000,0x00000000d8000000)
  from space 5120K, 79% used [0x00000000d8500000,0x00000000d88f4a78,0x00000000d8a00000)
  to   space 5120K, 0% used [0x00000000d8000000,0x00000000d8000000,0x00000000d8500000)
 ParOldGen       total 64000K, used 3183K [0x0000000082000000, 0x0000000085e80000, 0x00000000d6000000)
  object space 64000K, 4% used [0x0000000082000000,0x000000008231bc00,0x0000000085e80000)
 Metaspace       used 10110K, capacity 10292K, committed 10496K, reserved 1060864K
  class space    used 1215K, capacity 1278K, committed 1280K, reserved 1048576K
}
Event: 1.433 GC heap before
{Heap before GC invocations=4 (full 1):
 PSYoungGen      total 37888K, used 36818K [0x00000000d6000000, 0x00000000d8f00000, 0x0000000100000000)
  eden space 32768K, 100% used [0x00000000d6000000,0x00000000d8000000,0x00000000d8000000)
  from space 5120K, 79% used [0x00000000d8500000,0x00000000d88f4a78,0x00000000d8a00000)
  to   space 5120K, 0% used [0x00000000d8000000,0x00000000d8000000,0x00000000d8500000)
 ParOldGen       total 64000K, used 3183K [0x0000000082000000, 0x0000000085e80000, 0x00000000d6000000)
  object space 64000K, 4% used [0x0000000082000000,0x000000008231bc00,0x0000000085e80000)
 Metaspace       used 13560K, capacity 13856K, committed 14208K, reserved 1062912K
  class space    used 1705K, capacity 1802K, committed 1920K, reserved 1048576K
Event: 1.440 GC heap after
Heap after GC invocations=4 (full 1):
 PSYoungGen      total 37888K, used 5090K [0x00000000d6000000, 0x00000000d9100000, 0x0000000100000000)
  eden space 32768K, 0% used [0x00000000d6000000,0x00000000d6000000,0x00000000d8000000)
  from space 5120K, 99% used [0x00000000d8000000,0x00000000d84f8b50,0x00000000d8500000)
  to   space 5120K, 0% used [0x00000000d8c00000,0x00000000d8c00000,0x00000000d9100000)
 ParOldGen       total 64000K, used 3671K [0x0000000082000000, 0x0000000085e80000, 0x00000000d6000000)
  object space 64000K, 5% used [0x0000000082000000,0x0000000082395eb8,0x0000000085e80000)
 Metaspace       used 13560K, capacity 13856K, committed 14208K, reserved 1062912K
  class space    used 1705K, capacity 1802K, committed 1920K, reserved 1048576K
}

